Release 14.7 - xst P.20131013 (nt64)
Copyright (c) 1995-2013 Xilinx, Inc.  All rights reserved.
--> Parameter TMPDIR set to xst/projnav.tmp


Total REAL time to Xst completion: 0.00 secs
Total CPU time to Xst completion: 0.11 secs
 
--> Parameter xsthdpdir set to xst


Total REAL time to Xst completion: 0.00 secs
Total CPU time to Xst completion: 0.11 secs
 
--> Reading design: TOP.prj

TABLE OF CONTENTS
  1) Synthesis Options Summary
  2) HDL Compilation
  3) Design Hierarchy Analysis
  4) HDL Analysis
  5) HDL Synthesis
     5.1) HDL Synthesis Report
  6) Advanced HDL Synthesis
     6.1) Advanced HDL Synthesis Report
  7) Low Level Synthesis
  8) Partition Report
  9) Final Report
	9.1) Device utilization summary
	9.2) Partition Resource Summary
	9.3) TIMING REPORT


=========================================================================
*                      Synthesis Options Summary                        *
=========================================================================
---- Source Parameters
Input File Name                    : "TOP.prj"
Input Format                       : mixed
Ignore Synthesis Constraint File   : NO

---- Target Parameters
Output File Name                   : "TOP"
Output Format                      : NGC
Target Device                      : xc3s50a-5-tq144

---- Source Options
Top Module Name                    : TOP
Automatic FSM Extraction           : YES
FSM Encoding Algorithm             : Auto
Safe Implementation                : No
FSM Style                          : LUT
RAM Extraction                     : Yes
RAM Style                          : Auto
ROM Extraction                     : Yes
Mux Style                          : Auto
Decoder Extraction                 : YES
Priority Encoder Extraction        : Yes
Shift Register Extraction          : YES
Logical Shifter Extraction         : YES
XOR Collapsing                     : YES
ROM Style                          : Auto
Mux Extraction                     : Yes
Resource Sharing                   : YES
Asynchronous To Synchronous        : NO
Multiplier Style                   : Auto
Automatic Register Balancing       : No

---- Target Options
Add IO Buffers                     : YES
Global Maximum Fanout              : 500
Add Generic Clock Buffer(BUFG)     : 24
Register Duplication               : YES
Slice Packing                      : YES
Optimize Instantiated Primitives   : NO
Use Clock Enable                   : Yes
Use Synchronous Set                : Yes
Use Synchronous Reset              : Yes
Pack IO Registers into IOBs        : Auto
Equivalent register Removal        : YES

---- General Options
Optimization Goal                  : Speed
Optimization Effort                : 1
Keep Hierarchy                     : No
Netlist Hierarchy                  : As_Optimized
RTL Output                         : Yes
Global Optimization                : AllClockNets
Read Cores                         : YES
Write Timing Constraints           : NO
Cross Clock Analysis               : NO
Hierarchy Separator                : /
Bus Delimiter                      : <>
Case Specifier                     : Maintain
Slice Utilization Ratio            : 100
BRAM Utilization Ratio             : 100
Verilog 2001                       : YES
Auto BRAM Packing                  : NO
Slice Utilization Ratio Delta      : 5

=========================================================================


=========================================================================
*                          HDL Compilation                              *
=========================================================================
Compiling vhdl file "C:/Users/David/Documents/FPGA/InstanciacionE6/FSM.vhd" in Library work.
Architecture behavioral of Entity fsm is up to date.
Compiling vhdl file "C:/Users/David/Documents/FPGA/InstanciacionE6/Amarillo.vhd" in Library work.
Architecture behavioral of Entity amarillo is up to date.
Compiling vhdl file "C:/Users/David/Documents/FPGA/InstanciacionE6/Rojo.vhd" in Library work.
Architecture behavioral of Entity rojo is up to date.
Compiling vhdl file "C:/Users/David/Documents/FPGA/InstanciacionE6/VERDE.vhd" in Library work.
Architecture behavioral of Entity verde is up to date.
Compiling vhdl file "C:/Users/David/Documents/FPGA/InstanciacionE6/TOP.vhd" in Library work.
Entity <TOP> compiled.
Entity <TOP> (Architecture <Behavioral>) compiled.

=========================================================================
*                     Design Hierarchy Analysis                         *
=========================================================================
Analyzing hierarchy for entity <TOP> in library <work> (architecture <Behavioral>).

Analyzing hierarchy for entity <FSM> in library <work> (architecture <behavioral>).

Analyzing hierarchy for entity <Amarillo> in library <work> (architecture <behavioral>) with generics.
	MAX_C = 12000000

Analyzing hierarchy for entity <Rojo> in library <work> (architecture <behavioral>) with generics.
	MAX_C = 12000000

Analyzing hierarchy for entity <VERDE> in library <work> (architecture <behavioral>) with generics.
	MAX_C = 12000000


=========================================================================
*                            HDL Analysis                               *
=========================================================================
Analyzing Entity <TOP> in library <work> (Architecture <Behavioral>).
Entity <TOP> analyzed. Unit <TOP> generated.

Analyzing Entity <FSM> in library <work> (Architecture <behavioral>).
Entity <FSM> analyzed. Unit <FSM> generated.

Analyzing generic Entity <Amarillo> in library <work> (Architecture <behavioral>).
	MAX_C = 12000000
Entity <Amarillo> analyzed. Unit <Amarillo> generated.

Analyzing generic Entity <Rojo> in library <work> (Architecture <behavioral>).
	MAX_C = 12000000
Entity <Rojo> analyzed. Unit <Rojo> generated.

Analyzing generic Entity <VERDE> in library <work> (Architecture <behavioral>).
	MAX_C = 12000000
Entity <VERDE> analyzed. Unit <VERDE> generated.


=========================================================================
*                           HDL Synthesis                               *
=========================================================================

Performing bidirectional port resolution...

Synthesizing Unit <FSM>.
    Related source file is "C:/Users/David/Documents/FPGA/InstanciacionE6/FSM.vhd".
    Found finite state machine <FSM_0> for signal <Estado>.
    -----------------------------------------------------------------------
    | States             | 3                                              |
    | Transitions        | 6                                              |
    | Inputs             | 3                                              |
    | Outputs            | 3                                              |
    | Clock              | CLK                       (rising_edge)        |
    | Reset              | RST                       (negative)           |
    | Reset type         | asynchronous                                   |
    | Reset State        | verde                                          |
    | Power Up State     | verde                                          |
    | Encoding           | automatic                                      |
    | Implementation     | LUT                                            |
    -----------------------------------------------------------------------
    Found 1-bit register for signal <V_EN>.
    Found 1-bit register for signal <A_EN>.
    Found 1-bit register for signal <R_EN>.
    Summary:
	inferred   1 Finite State Machine(s).
	inferred   3 D-type flip-flop(s).
Unit <FSM> synthesized.


Synthesizing Unit <Amarillo>.
    Related source file is "C:/Users/David/Documents/FPGA/InstanciacionE6/Amarillo.vhd".
    Found 1-bit register for signal <ADN>.
    Found 1-bit register for signal <AMARILLO>.
    Found 24-bit up counter for signal <Tiempo>.
    Summary:
	inferred   1 Counter(s).
	inferred   2 D-type flip-flop(s).
Unit <Amarillo> synthesized.


Synthesizing Unit <Rojo>.
    Related source file is "C:/Users/David/Documents/FPGA/InstanciacionE6/Rojo.vhd".
    Found 1-bit register for signal <ROJO>.
    Found 1-bit register for signal <RDN>.
    Found 24-bit up counter for signal <Tiempo>.
    Summary:
	inferred   1 Counter(s).
	inferred   2 D-type flip-flop(s).
Unit <Rojo> synthesized.


Synthesizing Unit <VERDE>.
    Related source file is "C:/Users/David/Documents/FPGA/InstanciacionE6/VERDE.vhd".
    Found 1-bit register for signal <VDN>.
    Found 1-bit register for signal <VERDE>.
    Found 24-bit up counter for signal <Tiempo>.
    Summary:
	inferred   1 Counter(s).
	inferred   2 D-type flip-flop(s).
Unit <VERDE> synthesized.


Synthesizing Unit <TOP>.
    Related source file is "C:/Users/David/Documents/FPGA/InstanciacionE6/TOP.vhd".
Unit <TOP> synthesized.


=========================================================================
HDL Synthesis Report

Macro Statistics
# Counters                                             : 3
 24-bit up counter                                     : 3
# Registers                                            : 9
 1-bit register                                        : 9

=========================================================================

=========================================================================
*                       Advanced HDL Synthesis                          *
=========================================================================

Analyzing FSM <FSM_0> for best encoding.
Optimizing FSM <Inst_FSM/Estado/FSM> on signal <Estado[1:2]> with user encoding.
----------------------
 State    | Encoding
----------------------
 verde    | 00
 amarillo | 01
 rojo     | 10
----------------------

=========================================================================
Advanced HDL Synthesis Report

Macro Statistics
# FSMs                                                 : 1
# Counters                                             : 3
 24-bit up counter                                     : 3
# Registers                                            : 9
 Flip-Flops                                            : 9

=========================================================================

=========================================================================
*                         Low Level Synthesis                           *
=========================================================================

Optimizing unit <TOP> ...

Optimizing unit <FSM> ...

Optimizing unit <Amarillo> ...

Optimizing unit <Rojo> ...

Optimizing unit <VERDE> ...

Mapping all equations...
Building and optimizing final netlist ...
Found area constraint ratio of 100 (+ 5) on block TOP, actual ratio is 13.

Final Macro Processing ...

=========================================================================
Final Register Report

Macro Statistics
# Registers                                            : 83
 Flip-Flops                                            : 83

=========================================================================

=========================================================================
*                           Partition Report                            *
=========================================================================

Partition Implementation Status
-------------------------------

  No Partitions were found in this design.

-------------------------------

=========================================================================
*                            Final Report                               *
=========================================================================
Final Results
RTL Top Level Output File Name     : TOP.ngr
Top Level Output File Name         : TOP
Output Format                      : NGC
Optimization Goal                  : Speed
Keep Hierarchy                     : No

Design Statistics
# IOs                              : 5

Cell Usage :
# BELS                             : 335
#      GND                         : 1
#      INV                         : 7
#      LUT1                        : 69
#      LUT2                        : 75
#      LUT4                        : 23
#      MUXCY                       : 87
#      VCC                         : 1
#      XORCY                       : 72
# FlipFlops/Latches                : 83
#      FDC                         : 4
#      FDCE                        : 78
#      FDP                         : 1
# Clock Buffers                    : 1
#      BUFGP                       : 1
# IO Buffers                       : 4
#      IBUF                        : 1
#      OBUF                        : 3
=========================================================================

Device utilization summary:
---------------------------

Selected Device : 3s50atq144-5 

 Number of Slices:                       93  out of    704    13%  
 Number of Slice Flip Flops:             83  out of   1408     5%  
 Number of 4 input LUTs:                174  out of   1408    12%  
 Number of IOs:                           5
 Number of bonded IOBs:                   5  out of    108     4%  
 Number of GCLKs:                         1  out of     24     4%  

---------------------------
Partition Resource Summary:
---------------------------

  No Partitions were found in this design.

---------------------------


=========================================================================
TIMING REPORT

NOTE: THESE TIMING NUMBERS ARE ONLY A SYNTHESIS ESTIMATE.
      FOR ACCURATE TIMING INFORMATION PLEASE REFER TO THE TRACE REPORT
      GENERATED AFTER PLACE-and-ROUTE.

Clock Information:
------------------
-----------------------------------+------------------------+-------+
Clock Signal                       | Clock buffer(FF name)  | Load  |
-----------------------------------+------------------------+-------+
Clock                              | BUFGP                  | 83    |
-----------------------------------+------------------------+-------+

Asynchronous Control Signals Information:
----------------------------------------
--------------------------------------------------+------------------------+-------+
Control Signal                                    | Buffer(FF name)        | Load  |
--------------------------------------------------+------------------------+-------+
Inst_Amarillo/RST_inv(Inst_VERDE/RST_inv1_INV_0:O)| NONE(Inst_Amarillo/ADN)| 83    |
--------------------------------------------------+------------------------+-------+

Timing Summary:
---------------
Speed Grade: -5

   Minimum period: 5.268ns (Maximum Frequency: 189.827MHz)
   Minimum input arrival time before clock: No path found
   Maximum output required time after clock: 5.248ns
   Maximum combinational path delay: No path found

Timing Detail:
--------------
All values displayed in nanoseconds (ns)

=========================================================================
Timing constraint: Default period analysis for Clock 'Clock'
  Clock period: 5.268ns (frequency: 189.827MHz)
  Total number of paths / destination ports: 2870 / 158
-------------------------------------------------------------------------
Delay:               5.268ns (Levels of Logic = 25)
  Source:            Inst_Amarillo/Tiempo_1 (FF)
  Destination:       Inst_Amarillo/Tiempo_23 (FF)
  Source Clock:      Clock rising
  Destination Clock: Clock rising

  Data Path: Inst_Amarillo/Tiempo_1 to Inst_Amarillo/Tiempo_23
                                Gate     Net
    Cell:in->out      fanout   Delay   Delay  Logical Name (Net Name)
    ----------------------------------------  ------------
     FDCE:C->Q             2   0.495   0.488  Inst_Amarillo/Tiempo_1 (Inst_Amarillo/Tiempo_1)
     LUT1:I0->O            1   0.561   0.000  Inst_Amarillo/Mcount_Tiempo_cy<1>_rt (Inst_Amarillo/Mcount_Tiempo_cy<1>_rt)
     MUXCY:S->O            1   0.523   0.000  Inst_Amarillo/Mcount_Tiempo_cy<1> (Inst_Amarillo/Mcount_Tiempo_cy<1>)
     MUXCY:CI->O           1   0.065   0.000  Inst_Amarillo/Mcount_Tiempo_cy<2> (Inst_Amarillo/Mcount_Tiempo_cy<2>)
     MUXCY:CI->O           1   0.065   0.000  Inst_Amarillo/Mcount_Tiempo_cy<3> (Inst_Amarillo/Mcount_Tiempo_cy<3>)
     MUXCY:CI->O           1   0.065   0.000  Inst_Amarillo/Mcount_Tiempo_cy<4> (Inst_Amarillo/Mcount_Tiempo_cy<4>)
     MUXCY:CI->O           1   0.065   0.000  Inst_Amarillo/Mcount_Tiempo_cy<5> (Inst_Amarillo/Mcount_Tiempo_cy<5>)
     MUXCY:CI->O           1   0.065   0.000  Inst_Amarillo/Mcount_Tiempo_cy<6> (Inst_Amarillo/Mcount_Tiempo_cy<6>)
     MUXCY:CI->O           1   0.065   0.000  Inst_Amarillo/Mcount_Tiempo_cy<7> (Inst_Amarillo/Mcount_Tiempo_cy<7>)
     MUXCY:CI->O           1   0.065   0.000  Inst_Amarillo/Mcount_Tiempo_cy<8> (Inst_Amarillo/Mcount_Tiempo_cy<8>)
     MUXCY:CI->O           1   0.065   0.000  Inst_Amarillo/Mcount_Tiempo_cy<9> (Inst_Amarillo/Mcount_Tiempo_cy<9>)
     MUXCY:CI->O           1   0.065   0.000  Inst_Amarillo/Mcount_Tiempo_cy<10> (Inst_Amarillo/Mcount_Tiempo_cy<10>)
     MUXCY:CI->O           1   0.065   0.000  Inst_Amarillo/Mcount_Tiempo_cy<11> (Inst_Amarillo/Mcount_Tiempo_cy<11>)
     MUXCY:CI->O           1   0.065   0.000  Inst_Amarillo/Mcount_Tiempo_cy<12> (Inst_Amarillo/Mcount_Tiempo_cy<12>)
     MUXCY:CI->O           1   0.065   0.000  Inst_Amarillo/Mcount_Tiempo_cy<13> (Inst_Amarillo/Mcount_Tiempo_cy<13>)
     MUXCY:CI->O           1   0.065   0.000  Inst_Amarillo/Mcount_Tiempo_cy<14> (Inst_Amarillo/Mcount_Tiempo_cy<14>)
     MUXCY:CI->O           1   0.065   0.000  Inst_Amarillo/Mcount_Tiempo_cy<15> (Inst_Amarillo/Mcount_Tiempo_cy<15>)
     MUXCY:CI->O           1   0.065   0.000  Inst_Amarillo/Mcount_Tiempo_cy<16> (Inst_Amarillo/Mcount_Tiempo_cy<16>)
     MUXCY:CI->O           1   0.065   0.000  Inst_Amarillo/Mcount_Tiempo_cy<17> (Inst_Amarillo/Mcount_Tiempo_cy<17>)
     MUXCY:CI->O           1   0.065   0.000  Inst_Amarillo/Mcount_Tiempo_cy<18> (Inst_Amarillo/Mcount_Tiempo_cy<18>)
     MUXCY:CI->O           1   0.065   0.000  Inst_Amarillo/Mcount_Tiempo_cy<19> (Inst_Amarillo/Mcount_Tiempo_cy<19>)
     MUXCY:CI->O           1   0.065   0.000  Inst_Amarillo/Mcount_Tiempo_cy<20> (Inst_Amarillo/Mcount_Tiempo_cy<20>)
     MUXCY:CI->O           1   0.065   0.000  Inst_Amarillo/Mcount_Tiempo_cy<21> (Inst_Amarillo/Mcount_Tiempo_cy<21>)
     MUXCY:CI->O           0   0.065   0.000  Inst_Amarillo/Mcount_Tiempo_cy<22> (Inst_Amarillo/Mcount_Tiempo_cy<22>)
     XORCY:CI->O           1   0.654   0.423  Inst_Amarillo/Mcount_Tiempo_xor<23> (Inst_Amarillo/Result<23>)
     LUT2:I1->O            1   0.562   0.000  Inst_Amarillo/Mcount_Tiempo_eqn_231 (Inst_Amarillo/Mcount_Tiempo_eqn_23)
     FDCE:D                    0.197          Inst_Amarillo/Tiempo_23
    ----------------------------------------
    Total                      5.268ns (4.357ns logic, 0.911ns route)
                                       (82.7% logic, 17.3% route)

=========================================================================
Timing constraint: Default OFFSET OUT AFTER for Clock 'Clock'
  Total number of paths / destination ports: 3 / 3
-------------------------------------------------------------------------
Offset:              5.248ns (Levels of Logic = 1)
  Source:            Inst_Amarillo/AMARILLO (FF)
  Destination:       A (PAD)
  Source Clock:      Clock rising

  Data Path: Inst_Amarillo/AMARILLO to A
                                Gate     Net
    Cell:in->out      fanout   Delay   Delay  Logical Name (Net Name)
    ----------------------------------------  ------------
     FDCE:C->Q             1   0.495   0.357  Inst_Amarillo/AMARILLO (Inst_Amarillo/AMARILLO)
     OBUF:I->O                 4.396          A_OBUF (A)
    ----------------------------------------
    Total                      5.248ns (4.891ns logic, 0.357ns route)
                                       (93.2% logic, 6.8% route)

=========================================================================


Total REAL time to Xst completion: 6.00 secs
Total CPU time to Xst completion: 6.41 secs
 
--> 

Total memory usage is 310144 kilobytes

Number of errors   :    0 (   0 filtered)
Number of warnings :    0 (   0 filtered)
Number of infos    :    0 (   0 filtered)

